{"level":"info","message":"Loading Mongoose functionality","timestamp":"2017-12-08T03:50:10.576Z"}
{"level":"info","message":"Mongoose connected to the database","timestamp":"2017-12-08T03:50:10.985Z"}
{"level":"info","message":"Request from ::1","timestamp":"2017-12-08T03:51:10.481Z"}
{"level":"verbose","message":"Create User","timestamp":"2017-12-08T03:51:10.564Z"}
{"level":"info","message":"Request from ::1","timestamp":"2017-12-08T03:51:16.456Z"}
{"level":"info","message":"Request from ::1","timestamp":"2017-12-08T03:51:16.791Z"}
{"level":"verbose","message":"Get all todos","timestamp":"2017-12-08T03:51:16.792Z"}
{"level":"info","message":"Request from ::1","timestamp":"2017-12-08T03:51:24.021Z"}
{"level":"info","message":"Request from ::1","timestamp":"2017-12-08T03:51:25.778Z"}
{"level":"info","message":"Request from ::1","timestamp":"2017-12-08T03:51:28.435Z"}
{"level":"verbose","message":"Get all todos","timestamp":"2017-12-08T03:51:28.436Z"}
{"level":"info","message":"Request from ::1","timestamp":"2017-12-08T03:51:32.578Z"}
{"level":"verbose","message":"Get all todos","timestamp":"2017-12-08T03:51:32.579Z"}
{"level":"info","message":"Request from ::1","timestamp":"2017-12-08T03:53:07.353Z"}
{"level":"verbose","message":"Create User","timestamp":"2017-12-08T03:53:07.357Z"}
{"level":"error","message":"WriteError({\"code\":11000,\"index\":0,\"errmsg\":\"E11000 duplicate key error collection: todo-dev.users index: email_1 dup key: { : \\\"d@d.com\\\" }\",\"op\":{\"firstName\":\"dan\",\"lastName\":\"v\",\"email\":\"d@d.com\",\"password\":\"$2a$10$dKS8PAZzhdtZiIDFiCtbWukhgiTPGUlh2KSk9MqgfGYLyD7coJ99u\",\"_id\":\"5a2a0ca3b7fd0007f4369445\",\"status\":true,\"dateRegistered\":\"2017-12-08T03:53:07.358Z\",\"__v\":0}})\n    at Function.MongoError.create (C:\\Users\\Daniel's\\OneDrive\\Documents\\BUS_ADM_531\\ToDo\\server\\node_modules\\mongodb-core\\lib\\error.js:31:11)\n    at toError (C:\\Users\\Daniel's\\OneDrive\\Documents\\BUS_ADM_531\\ToDo\\server\\node_modules\\mongodb\\lib\\utils.js:139:22)\n    at C:\\Users\\Daniel's\\OneDrive\\Documents\\BUS_ADM_531\\ToDo\\server\\node_modules\\mongodb\\lib\\collection.js:669:23\n    at handleCallback (C:\\Users\\Daniel's\\OneDrive\\Documents\\BUS_ADM_531\\ToDo\\server\\node_modules\\mongodb\\lib\\utils.js:120:56)\n    at C:\\Users\\Daniel's\\OneDrive\\Documents\\BUS_ADM_531\\ToDo\\server\\node_modules\\mongodb\\lib\\bulk\\unordered.js:465:9\n    at handleCallback (C:\\Users\\Daniel's\\OneDrive\\Documents\\BUS_ADM_531\\ToDo\\server\\node_modules\\mongodb\\lib\\utils.js:120:56)\n    at resultHandler (C:\\Users\\Daniel's\\OneDrive\\Documents\\BUS_ADM_531\\ToDo\\server\\node_modules\\mongodb\\lib\\bulk\\unordered.js:413:5)\n    at C:\\Users\\Daniel's\\OneDrive\\Documents\\BUS_ADM_531\\ToDo\\server\\node_modules\\mongodb-core\\lib\\connection\\pool.js:469:18\n    at _combinedTickCallback (internal/process/next_tick.js:73:7)\n    at process._tickCallback (internal/process/next_tick.js:104:9)\nFrom previous event:\n    at model.wrappedPointCut [as save] (C:\\Users\\Daniel's\\OneDrive\\Documents\\BUS_ADM_531\\ToDo\\server\\node_modules\\mongoose\\lib\\services\\model\\applyHooks.js:131:23)\n    at C:\\Users\\Daniel's\\OneDrive\\Documents\\BUS_ADM_531\\ToDo\\server\\app\\controllers\\users.js:81:14\n    at Layer.handle [as handle_request] (C:\\Users\\Daniel's\\OneDrive\\Documents\\BUS_ADM_531\\ToDo\\server\\node_modules\\express\\lib\\router\\layer.js:95:5)\n    at next (C:\\Users\\Daniel's\\OneDrive\\Documents\\BUS_ADM_531\\ToDo\\server\\node_modules\\express\\lib\\router\\route.js:137:13)\n    at Route.dispatch (C:\\Users\\Daniel's\\OneDrive\\Documents\\BUS_ADM_531\\ToDo\\server\\node_modules\\express\\lib\\router\\route.js:112:3)\n    at Layer.handle [as handle_request] (C:\\Users\\Daniel's\\OneDrive\\Documents\\BUS_ADM_531\\ToDo\\server\\node_modules\\express\\lib\\router\\layer.js:95:5)\n    at C:\\Users\\Daniel's\\OneDrive\\Documents\\BUS_ADM_531\\ToDo\\server\\node_modules\\express\\lib\\router\\index.js:281:22\n    at Function.process_params (C:\\Users\\Daniel's\\OneDrive\\Documents\\BUS_ADM_531\\ToDo\\server\\node_modules\\express\\lib\\router\\index.js:335:12)\n    at next (C:\\Users\\Daniel's\\OneDrive\\Documents\\BUS_ADM_531\\ToDo\\server\\node_modules\\express\\lib\\router\\index.js:275:10)\n    at Function.handle (C:\\Users\\Daniel's\\OneDrive\\Documents\\BUS_ADM_531\\ToDo\\server\\node_modules\\express\\lib\\router\\index.js:174:3)\n    at router (C:\\Users\\Daniel's\\OneDrive\\Documents\\BUS_ADM_531\\ToDo\\server\\node_modules\\express\\lib\\router\\index.js:47:12)\n    at Layer.handle [as handle_request] (C:\\Users\\Daniel's\\OneDrive\\Documents\\BUS_ADM_531\\ToDo\\server\\node_modules\\express\\lib\\router\\layer.js:95:5)\n    at trim_prefix (C:\\Users\\Daniel's\\OneDrive\\Documents\\BUS_ADM_531\\ToDo\\server\\node_modules\\express\\lib\\router\\index.js:317:13)\n    at C:\\Users\\Daniel's\\OneDrive\\Documents\\BUS_ADM_531\\ToDo\\server\\node_modules\\express\\lib\\router\\index.js:284:7\n    at Function.process_params (C:\\Users\\Daniel's\\OneDrive\\Documents\\BUS_ADM_531\\ToDo\\server\\node_modules\\express\\lib\\router\\index.js:335:12)\n    at next (C:\\Users\\Daniel's\\OneDrive\\Documents\\BUS_ADM_531\\ToDo\\server\\node_modules\\express\\lib\\router\\index.js:275:10)\n    at C:\\Users\\Daniel's\\OneDrive\\Documents\\BUS_ADM_531\\ToDo\\server\\node_modules\\express\\lib\\router\\index.js:635:15\n    at next (C:\\Users\\Daniel's\\OneDrive\\Documents\\BUS_ADM_531\\ToDo\\server\\node_modules\\express\\lib\\router\\index.js:260:14)\n    at Function.handle (C:\\Users\\Daniel's\\OneDrive\\Documents\\BUS_ADM_531\\ToDo\\server\\node_modules\\express\\lib\\router\\index.js:174:3)","timestamp":"2017-12-08T03:53:07.580Z"}
{"level":"info","message":"Request from ::1","timestamp":"2017-12-08T03:53:25.206Z"}
{"level":"info","message":"Request from ::1","timestamp":"2017-12-08T03:53:25.426Z"}
{"level":"verbose","message":"Get all todos","timestamp":"2017-12-08T03:53:25.427Z"}
{"level":"info","message":"Loading Mongoose functionality","timestamp":"2017-12-08T04:10:57.082Z"}
{"level":"info","message":"Mongoose connected to the database","timestamp":"2017-12-08T04:10:57.376Z"}
{"level":"info","message":"Loading Mongoose functionality","timestamp":"2017-12-08T04:16:50.237Z"}
{"level":"info","message":"Mongoose connected to the database","timestamp":"2017-12-08T04:16:50.541Z"}
{"level":"info","message":"Loading Mongoose functionality","timestamp":"2017-12-08T04:23:06.716Z"}
{"level":"info","message":"Mongoose connected to the database","timestamp":"2017-12-08T04:23:06.974Z"}
{"level":"info","message":"Request from ::1","timestamp":"2017-12-08T04:25:29.359Z"}
{"level":"verbose","message":"Create User","timestamp":"2017-12-08T04:25:29.414Z"}
{"level":"error","message":"WriteError({\"code\":11000,\"index\":0,\"errmsg\":\"E11000 duplicate key error collection: todo-dev.users index: email_1 dup key: { : \\\"d@d.com\\\" }\",\"op\":{\"firstName\":\"d\",\"lastName\":\"d\",\"email\":\"d@d.com\",\"password\":\"$2a$10$wGdHVNVNeFDDbO9SMijsP.mxAd.cRTl0KOg9fxA0WCsF574W.qfnu\",\"_id\":\"5a2a14390c1f0a21382d03c7\",\"status\":true,\"dateRegistered\":\"2017-12-08T04:25:29.416Z\",\"__v\":0}})\n    at Function.MongoError.create (C:\\Users\\Daniel's\\OneDrive\\Documents\\BUS_ADM_531\\ToDo\\Server\\node_modules\\mongodb-core\\lib\\error.js:31:11)\n    at toError (C:\\Users\\Daniel's\\OneDrive\\Documents\\BUS_ADM_531\\ToDo\\Server\\node_modules\\mongodb\\lib\\utils.js:139:22)\n    at C:\\Users\\Daniel's\\OneDrive\\Documents\\BUS_ADM_531\\ToDo\\Server\\node_modules\\mongodb\\lib\\collection.js:669:23\n    at handleCallback (C:\\Users\\Daniel's\\OneDrive\\Documents\\BUS_ADM_531\\ToDo\\Server\\node_modules\\mongodb\\lib\\utils.js:120:56)\n    at C:\\Users\\Daniel's\\OneDrive\\Documents\\BUS_ADM_531\\ToDo\\Server\\node_modules\\mongodb\\lib\\bulk\\unordered.js:465:9\n    at handleCallback (C:\\Users\\Daniel's\\OneDrive\\Documents\\BUS_ADM_531\\ToDo\\Server\\node_modules\\mongodb\\lib\\utils.js:120:56)\n    at resultHandler (C:\\Users\\Daniel's\\OneDrive\\Documents\\BUS_ADM_531\\ToDo\\Server\\node_modules\\mongodb\\lib\\bulk\\unordered.js:413:5)\n    at C:\\Users\\Daniel's\\OneDrive\\Documents\\BUS_ADM_531\\ToDo\\Server\\node_modules\\mongodb-core\\lib\\connection\\pool.js:469:18\n    at _combinedTickCallback (internal/process/next_tick.js:73:7)\n    at process._tickCallback (internal/process/next_tick.js:104:9)\nFrom previous event:\n    at model.wrappedPointCut [as save] (C:\\Users\\Daniel's\\OneDrive\\Documents\\BUS_ADM_531\\ToDo\\Server\\node_modules\\mongoose\\lib\\services\\model\\applyHooks.js:131:23)\n    at C:\\Users\\Daniel's\\OneDrive\\Documents\\BUS_ADM_531\\ToDo\\Server\\app\\controllers\\users.js:81:14\n    at Layer.handle [as handle_request] (C:\\Users\\Daniel's\\OneDrive\\Documents\\BUS_ADM_531\\ToDo\\Server\\node_modules\\express\\lib\\router\\layer.js:95:5)\n    at next (C:\\Users\\Daniel's\\OneDrive\\Documents\\BUS_ADM_531\\ToDo\\Server\\node_modules\\express\\lib\\router\\route.js:137:13)\n    at Route.dispatch (C:\\Users\\Daniel's\\OneDrive\\Documents\\BUS_ADM_531\\ToDo\\Server\\node_modules\\express\\lib\\router\\route.js:112:3)\n    at Layer.handle [as handle_request] (C:\\Users\\Daniel's\\OneDrive\\Documents\\BUS_ADM_531\\ToDo\\Server\\node_modules\\express\\lib\\router\\layer.js:95:5)\n    at C:\\Users\\Daniel's\\OneDrive\\Documents\\BUS_ADM_531\\ToDo\\Server\\node_modules\\express\\lib\\router\\index.js:281:22\n    at Function.process_params (C:\\Users\\Daniel's\\OneDrive\\Documents\\BUS_ADM_531\\ToDo\\Server\\node_modules\\express\\lib\\router\\index.js:335:12)\n    at next (C:\\Users\\Daniel's\\OneDrive\\Documents\\BUS_ADM_531\\ToDo\\Server\\node_modules\\express\\lib\\router\\index.js:275:10)\n    at Function.handle (C:\\Users\\Daniel's\\OneDrive\\Documents\\BUS_ADM_531\\ToDo\\Server\\node_modules\\express\\lib\\router\\index.js:174:3)\n    at router (C:\\Users\\Daniel's\\OneDrive\\Documents\\BUS_ADM_531\\ToDo\\Server\\node_modules\\express\\lib\\router\\index.js:47:12)\n    at Layer.handle [as handle_request] (C:\\Users\\Daniel's\\OneDrive\\Documents\\BUS_ADM_531\\ToDo\\Server\\node_modules\\express\\lib\\router\\layer.js:95:5)\n    at trim_prefix (C:\\Users\\Daniel's\\OneDrive\\Documents\\BUS_ADM_531\\ToDo\\Server\\node_modules\\express\\lib\\router\\index.js:317:13)\n    at C:\\Users\\Daniel's\\OneDrive\\Documents\\BUS_ADM_531\\ToDo\\Server\\node_modules\\express\\lib\\router\\index.js:284:7\n    at Function.process_params (C:\\Users\\Daniel's\\OneDrive\\Documents\\BUS_ADM_531\\ToDo\\Server\\node_modules\\express\\lib\\router\\index.js:335:12)\n    at next (C:\\Users\\Daniel's\\OneDrive\\Documents\\BUS_ADM_531\\ToDo\\Server\\node_modules\\express\\lib\\router\\index.js:275:10)\n    at C:\\Users\\Daniel's\\OneDrive\\Documents\\BUS_ADM_531\\ToDo\\Server\\node_modules\\express\\lib\\router\\index.js:635:15\n    at next (C:\\Users\\Daniel's\\OneDrive\\Documents\\BUS_ADM_531\\ToDo\\Server\\node_modules\\express\\lib\\router\\index.js:260:14)\n    at Function.handle (C:\\Users\\Daniel's\\OneDrive\\Documents\\BUS_ADM_531\\ToDo\\Server\\node_modules\\express\\lib\\router\\index.js:174:3)","timestamp":"2017-12-08T04:25:29.667Z"}
{"level":"info","message":"Request from ::1","timestamp":"2017-12-08T04:25:35.673Z"}
{"level":"info","message":"Request from ::1","timestamp":"2017-12-08T04:25:36.008Z"}
{"level":"verbose","message":"Get all todos","timestamp":"2017-12-08T04:25:36.009Z"}
{"level":"info","message":"Loading Mongoose functionality","timestamp":"2017-12-08T06:19:27.629Z"}
{"level":"info","message":"Mongoose connected to the database","timestamp":"2017-12-08T06:19:28.181Z"}
{"level":"info","message":"Request from ::1","timestamp":"2017-12-08T06:20:05.163Z"}
{"level":"info","message":"Request from ::1","timestamp":"2017-12-08T06:20:05.380Z"}
{"level":"verbose","message":"Get all todos","timestamp":"2017-12-08T06:20:05.382Z"}
{"level":"info","message":"Request from ::1","timestamp":"2017-12-08T06:22:33.846Z"}
{"level":"verbose","message":"Create User","timestamp":"2017-12-08T06:22:33.851Z"}
{"level":"error","message":"WriteError({\"code\":11000,\"index\":0,\"errmsg\":\"E11000 duplicate key error collection: todo-dev.users index: email_1 dup key: { : \\\"d@d.com\\\" }\",\"op\":{\"firstName\":\"d\",\"lastName\":\"d\",\"email\":\"d@d.com\",\"password\":\"$2a$10$sJhHmclzTHB3HxZHexWeN.0CH4x7KzWSsEirbRc77g4b9u6/rDPgy\",\"_id\":\"5a2a2fa98f951300a415d6cd\",\"status\":true,\"dateRegistered\":\"2017-12-08T06:22:33.853Z\",\"__v\":0}})\n    at Function.MongoError.create (C:\\Users\\Daniel's\\OneDrive\\Documents\\BUS_ADM_531\\ToDo\\server\\node_modules\\mongodb-core\\lib\\error.js:31:11)\n    at toError (C:\\Users\\Daniel's\\OneDrive\\Documents\\BUS_ADM_531\\ToDo\\server\\node_modules\\mongodb\\lib\\utils.js:139:22)\n    at C:\\Users\\Daniel's\\OneDrive\\Documents\\BUS_ADM_531\\ToDo\\server\\node_modules\\mongodb\\lib\\collection.js:669:23\n    at handleCallback (C:\\Users\\Daniel's\\OneDrive\\Documents\\BUS_ADM_531\\ToDo\\server\\node_modules\\mongodb\\lib\\utils.js:120:56)\n    at C:\\Users\\Daniel's\\OneDrive\\Documents\\BUS_ADM_531\\ToDo\\server\\node_modules\\mongodb\\lib\\bulk\\unordered.js:465:9\n    at handleCallback (C:\\Users\\Daniel's\\OneDrive\\Documents\\BUS_ADM_531\\ToDo\\server\\node_modules\\mongodb\\lib\\utils.js:120:56)\n    at resultHandler (C:\\Users\\Daniel's\\OneDrive\\Documents\\BUS_ADM_531\\ToDo\\server\\node_modules\\mongodb\\lib\\bulk\\unordered.js:413:5)\n    at C:\\Users\\Daniel's\\OneDrive\\Documents\\BUS_ADM_531\\ToDo\\server\\node_modules\\mongodb-core\\lib\\connection\\pool.js:469:18\n    at _combinedTickCallback (internal/process/next_tick.js:73:7)\n    at process._tickCallback (internal/process/next_tick.js:104:9)\nFrom previous event:\n    at model.wrappedPointCut [as save] (C:\\Users\\Daniel's\\OneDrive\\Documents\\BUS_ADM_531\\ToDo\\server\\node_modules\\mongoose\\lib\\services\\model\\applyHooks.js:131:23)\n    at C:\\Users\\Daniel's\\OneDrive\\Documents\\BUS_ADM_531\\ToDo\\server\\app\\controllers\\users.js:81:14\n    at Layer.handle [as handle_request] (C:\\Users\\Daniel's\\OneDrive\\Documents\\BUS_ADM_531\\ToDo\\server\\node_modules\\express\\lib\\router\\layer.js:95:5)\n    at next (C:\\Users\\Daniel's\\OneDrive\\Documents\\BUS_ADM_531\\ToDo\\server\\node_modules\\express\\lib\\router\\route.js:137:13)\n    at Route.dispatch (C:\\Users\\Daniel's\\OneDrive\\Documents\\BUS_ADM_531\\ToDo\\server\\node_modules\\express\\lib\\router\\route.js:112:3)\n    at Layer.handle [as handle_request] (C:\\Users\\Daniel's\\OneDrive\\Documents\\BUS_ADM_531\\ToDo\\server\\node_modules\\express\\lib\\router\\layer.js:95:5)\n    at C:\\Users\\Daniel's\\OneDrive\\Documents\\BUS_ADM_531\\ToDo\\server\\node_modules\\express\\lib\\router\\index.js:281:22\n    at Function.process_params (C:\\Users\\Daniel's\\OneDrive\\Documents\\BUS_ADM_531\\ToDo\\server\\node_modules\\express\\lib\\router\\index.js:335:12)\n    at next (C:\\Users\\Daniel's\\OneDrive\\Documents\\BUS_ADM_531\\ToDo\\server\\node_modules\\express\\lib\\router\\index.js:275:10)\n    at Function.handle (C:\\Users\\Daniel's\\OneDrive\\Documents\\BUS_ADM_531\\ToDo\\server\\node_modules\\express\\lib\\router\\index.js:174:3)\n    at router (C:\\Users\\Daniel's\\OneDrive\\Documents\\BUS_ADM_531\\ToDo\\server\\node_modules\\express\\lib\\router\\index.js:47:12)\n    at Layer.handle [as handle_request] (C:\\Users\\Daniel's\\OneDrive\\Documents\\BUS_ADM_531\\ToDo\\server\\node_modules\\express\\lib\\router\\layer.js:95:5)\n    at trim_prefix (C:\\Users\\Daniel's\\OneDrive\\Documents\\BUS_ADM_531\\ToDo\\server\\node_modules\\express\\lib\\router\\index.js:317:13)\n    at C:\\Users\\Daniel's\\OneDrive\\Documents\\BUS_ADM_531\\ToDo\\server\\node_modules\\express\\lib\\router\\index.js:284:7\n    at Function.process_params (C:\\Users\\Daniel's\\OneDrive\\Documents\\BUS_ADM_531\\ToDo\\server\\node_modules\\express\\lib\\router\\index.js:335:12)\n    at next (C:\\Users\\Daniel's\\OneDrive\\Documents\\BUS_ADM_531\\ToDo\\server\\node_modules\\express\\lib\\router\\index.js:275:10)\n    at C:\\Users\\Daniel's\\OneDrive\\Documents\\BUS_ADM_531\\ToDo\\server\\node_modules\\express\\lib\\router\\index.js:635:15\n    at next (C:\\Users\\Daniel's\\OneDrive\\Documents\\BUS_ADM_531\\ToDo\\server\\node_modules\\express\\lib\\router\\index.js:260:14)\n    at Function.handle (C:\\Users\\Daniel's\\OneDrive\\Documents\\BUS_ADM_531\\ToDo\\server\\node_modules\\express\\lib\\router\\index.js:174:3)","timestamp":"2017-12-08T06:22:34.111Z"}
{"level":"info","message":"Request from ::1","timestamp":"2017-12-08T06:22:38.436Z"}
{"level":"info","message":"Request from ::1","timestamp":"2017-12-08T06:22:38.653Z"}
{"level":"verbose","message":"Get all todos","timestamp":"2017-12-08T06:22:38.654Z"}
{"level":"info","message":"Request from ::1","timestamp":"2017-12-08T06:22:44.336Z"}
{"level":"verbose","message":"Get all todos","timestamp":"2017-12-08T06:22:44.338Z"}
{"level":"info","message":"Request from ::1","timestamp":"2017-12-08T06:25:02.572Z"}
{"level":"info","message":"Request from ::1","timestamp":"2017-12-08T06:25:19.290Z"}
{"level":"verbose","message":"Create User","timestamp":"2017-12-08T06:25:19.291Z"}
{"level":"info","message":"Request from ::1","timestamp":"2017-12-08T06:25:26.614Z"}
{"level":"info","message":"Request from ::1","timestamp":"2017-12-08T06:25:26.766Z"}
{"level":"verbose","message":"Get all todos","timestamp":"2017-12-08T06:25:26.767Z"}
{"level":"info","message":"Request from ::1","timestamp":"2017-12-08T06:25:30.121Z"}
{"level":"info","message":"Request from ::1","timestamp":"2017-12-08T06:25:31.345Z"}
{"level":"info","message":"Request from ::1","timestamp":"2017-12-08T06:25:32.554Z"}
{"level":"info","message":"Request from ::1","timestamp":"2017-12-08T06:25:43.158Z"}
{"level":"info","message":"Request from ::1","timestamp":"2017-12-08T06:25:43.295Z"}
{"level":"verbose","message":"Get all todos","timestamp":"2017-12-08T06:25:43.296Z"}
{"level":"info","message":"Loading Mongoose functionality","timestamp":"2017-12-08T06:26:39.546Z"}
{"level":"info","message":"Mongoose connected to the database","timestamp":"2017-12-08T06:26:40.053Z"}
{"level":"info","message":"Loading Mongoose functionality","timestamp":"2017-12-08T06:26:56.357Z"}
{"level":"info","message":"Mongoose connected to the database","timestamp":"2017-12-08T06:26:56.903Z"}
{"level":"info","message":"Loading Mongoose functionality","timestamp":"2017-12-08T06:27:34.625Z"}
{"level":"info","message":"Mongoose connected to the database","timestamp":"2017-12-08T06:27:35.106Z"}
{"level":"info","message":"Loading Mongoose functionality","timestamp":"2017-12-08T06:28:00.366Z"}
{"level":"info","message":"Mongoose connected to the database","timestamp":"2017-12-08T06:28:00.825Z"}
{"level":"info","message":"Loading Mongoose functionality","timestamp":"2017-12-08T06:28:52.693Z"}
{"level":"info","message":"Mongoose connected to the database","timestamp":"2017-12-08T06:28:53.135Z"}
{"level":"info","message":"Loading Mongoose functionality","timestamp":"2017-12-08T06:29:09.155Z"}
{"level":"info","message":"Mongoose connected to the database","timestamp":"2017-12-08T06:29:09.689Z"}
{"level":"info","message":"Loading Mongoose functionality","timestamp":"2017-12-08T06:29:24.441Z"}
{"level":"info","message":"Mongoose connected to the database","timestamp":"2017-12-08T06:29:24.909Z"}
{"level":"info","message":"Loading Mongoose functionality","timestamp":"2017-12-08T06:29:42.695Z"}
{"level":"info","message":"Mongoose connected to the database","timestamp":"2017-12-08T06:29:43.159Z"}
{"level":"info","message":"Request from ::1","timestamp":"2017-12-08T06:30:15.675Z"}
{"level":"verbose","message":"Get all todos","timestamp":"2017-12-08T06:30:15.677Z"}
{"level":"info","message":"Request from ::1","timestamp":"2017-12-08T06:30:18.056Z"}
{"level":"verbose","message":"Get all todos","timestamp":"2017-12-08T06:30:18.058Z"}
{"level":"info","message":"Request from ::1","timestamp":"2017-12-08T06:30:19.055Z"}
{"level":"verbose","message":"Get all todos","timestamp":"2017-12-08T06:30:19.056Z"}
{"level":"info","message":"Request from ::1","timestamp":"2017-12-08T06:30:54.490Z"}
{"level":"verbose","message":"Create User","timestamp":"2017-12-08T06:30:54.513Z"}
{"level":"error","message":"WriteError({\"code\":11000,\"index\":0,\"errmsg\":\"E11000 duplicate key error collection: chirps-dev.users index: email_1 dup key: { : \\\"d@d.com\\\" }\",\"op\":{\"firstName\":\"d\",\"lastName\":\"d\",\"email\":\"d@d.com\",\"password\":\"$2a$10$7EunfGC0fhU9AWgqNNTm/.CTywGPKq7L/5J4vFGmiAsRFwaNqB1bi\",\"_id\":\"5a2a319e41db6e2d301d4d91\",\"status\":true,\"dateRegistered\":\"2017-12-08T06:30:54.515Z\",\"__v\":0}})\n    at Function.MongoError.create (C:\\Users\\Daniel's\\OneDrive\\Documents\\BUS_ADM_531\\ToDo\\server\\node_modules\\mongodb-core\\lib\\error.js:31:11)\n    at toError (C:\\Users\\Daniel's\\OneDrive\\Documents\\BUS_ADM_531\\ToDo\\server\\node_modules\\mongodb\\lib\\utils.js:139:22)\n    at C:\\Users\\Daniel's\\OneDrive\\Documents\\BUS_ADM_531\\ToDo\\server\\node_modules\\mongodb\\lib\\collection.js:669:23\n    at handleCallback (C:\\Users\\Daniel's\\OneDrive\\Documents\\BUS_ADM_531\\ToDo\\server\\node_modules\\mongodb\\lib\\utils.js:120:56)\n    at C:\\Users\\Daniel's\\OneDrive\\Documents\\BUS_ADM_531\\ToDo\\server\\node_modules\\mongodb\\lib\\bulk\\unordered.js:465:9\n    at handleCallback (C:\\Users\\Daniel's\\OneDrive\\Documents\\BUS_ADM_531\\ToDo\\server\\node_modules\\mongodb\\lib\\utils.js:120:56)\n    at resultHandler (C:\\Users\\Daniel's\\OneDrive\\Documents\\BUS_ADM_531\\ToDo\\server\\node_modules\\mongodb\\lib\\bulk\\unordered.js:413:5)\n    at C:\\Users\\Daniel's\\OneDrive\\Documents\\BUS_ADM_531\\ToDo\\server\\node_modules\\mongodb-core\\lib\\connection\\pool.js:469:18\n    at _combinedTickCallback (internal/process/next_tick.js:73:7)\n    at process._tickCallback (internal/process/next_tick.js:104:9)\nFrom previous event:\n    at model.wrappedPointCut [as save] (C:\\Users\\Daniel's\\OneDrive\\Documents\\BUS_ADM_531\\ToDo\\server\\node_modules\\mongoose\\lib\\services\\model\\applyHooks.js:131:23)\n    at C:\\Users\\Daniel's\\OneDrive\\Documents\\BUS_ADM_531\\ToDo\\server\\app\\controllers\\users.js:82:14\n    at Layer.handle [as handle_request] (C:\\Users\\Daniel's\\OneDrive\\Documents\\BUS_ADM_531\\ToDo\\server\\node_modules\\express\\lib\\router\\layer.js:95:5)\n    at next (C:\\Users\\Daniel's\\OneDrive\\Documents\\BUS_ADM_531\\ToDo\\server\\node_modules\\express\\lib\\router\\route.js:137:13)\n    at Route.dispatch (C:\\Users\\Daniel's\\OneDrive\\Documents\\BUS_ADM_531\\ToDo\\server\\node_modules\\express\\lib\\router\\route.js:112:3)\n    at Layer.handle [as handle_request] (C:\\Users\\Daniel's\\OneDrive\\Documents\\BUS_ADM_531\\ToDo\\server\\node_modules\\express\\lib\\router\\layer.js:95:5)\n    at C:\\Users\\Daniel's\\OneDrive\\Documents\\BUS_ADM_531\\ToDo\\server\\node_modules\\express\\lib\\router\\index.js:281:22\n    at Function.process_params (C:\\Users\\Daniel's\\OneDrive\\Documents\\BUS_ADM_531\\ToDo\\server\\node_modules\\express\\lib\\router\\index.js:335:12)\n    at next (C:\\Users\\Daniel's\\OneDrive\\Documents\\BUS_ADM_531\\ToDo\\server\\node_modules\\express\\lib\\router\\index.js:275:10)\n    at Function.handle (C:\\Users\\Daniel's\\OneDrive\\Documents\\BUS_ADM_531\\ToDo\\server\\node_modules\\express\\lib\\router\\index.js:174:3)\n    at router (C:\\Users\\Daniel's\\OneDrive\\Documents\\BUS_ADM_531\\ToDo\\server\\node_modules\\express\\lib\\router\\index.js:47:12)\n    at Layer.handle [as handle_request] (C:\\Users\\Daniel's\\OneDrive\\Documents\\BUS_ADM_531\\ToDo\\server\\node_modules\\express\\lib\\router\\layer.js:95:5)\n    at trim_prefix (C:\\Users\\Daniel's\\OneDrive\\Documents\\BUS_ADM_531\\ToDo\\server\\node_modules\\express\\lib\\router\\index.js:317:13)\n    at C:\\Users\\Daniel's\\OneDrive\\Documents\\BUS_ADM_531\\ToDo\\server\\node_modules\\express\\lib\\router\\index.js:284:7\n    at Function.process_params (C:\\Users\\Daniel's\\OneDrive\\Documents\\BUS_ADM_531\\ToDo\\server\\node_modules\\express\\lib\\router\\index.js:335:12)\n    at next (C:\\Users\\Daniel's\\OneDrive\\Documents\\BUS_ADM_531\\ToDo\\server\\node_modules\\express\\lib\\router\\index.js:275:10)\n    at C:\\Users\\Daniel's\\OneDrive\\Documents\\BUS_ADM_531\\ToDo\\server\\node_modules\\express\\lib\\router\\index.js:635:15\n    at next (C:\\Users\\Daniel's\\OneDrive\\Documents\\BUS_ADM_531\\ToDo\\server\\node_modules\\express\\lib\\router\\index.js:260:14)\n    at Function.handle (C:\\Users\\Daniel's\\OneDrive\\Documents\\BUS_ADM_531\\ToDo\\server\\node_modules\\express\\lib\\router\\index.js:174:3)","timestamp":"2017-12-08T06:30:54.687Z"}
{"level":"info","message":"Request from ::1","timestamp":"2017-12-08T06:31:00.806Z"}
{"level":"error","message":"","timestamp":"2017-12-08T06:31:00.945Z"}
{"level":"info","message":"Request from ::1","timestamp":"2017-12-08T06:31:05.731Z"}
{"level":"error","message":"","timestamp":"2017-12-08T06:31:05.862Z"}
{"level":"info","message":"Request from ::1","timestamp":"2017-12-08T06:31:07.608Z"}
{"level":"error","message":"","timestamp":"2017-12-08T06:31:07.722Z"}
{"level":"info","message":"Request from ::1","timestamp":"2017-12-08T06:31:22.540Z"}
{"level":"verbose","message":"Create User","timestamp":"2017-12-08T06:31:22.541Z"}
{"level":"info","message":"Request from ::1","timestamp":"2017-12-08T06:31:29.697Z"}
{"level":"info","message":"Request from ::1","timestamp":"2017-12-08T06:31:29.867Z"}
{"level":"verbose","message":"Get all todos","timestamp":"2017-12-08T06:31:29.869Z"}
{"level":"info","message":"Request from ::1","timestamp":"2017-12-08T06:31:34.487Z"}
{"level":"info","message":"Request from ::1","timestamp":"2017-12-08T06:31:37.371Z"}
{"level":"info","message":"Request from ::1","timestamp":"2017-12-08T06:31:59.765Z"}
{"level":"info","message":"Request from ::1","timestamp":"2017-12-08T06:31:59.961Z"}
{"level":"verbose","message":"Get all todos","timestamp":"2017-12-08T06:31:59.962Z"}
{"level":"info","message":"Request from ::1","timestamp":"2017-12-08T06:33:01.457Z"}
{"level":"verbose","message":"Get all todos","timestamp":"2017-12-08T06:33:01.458Z"}
{"level":"info","message":"Request from ::1","timestamp":"2017-12-08T06:33:20.838Z"}
{"level":"info","message":"Request from ::1","timestamp":"2017-12-08T06:33:20.990Z"}
{"level":"info","message":"Request from ::1","timestamp":"2017-12-08T06:33:40.336Z"}
{"level":"verbose","message":"Get all todos","timestamp":"2017-12-08T06:33:40.337Z"}
{"level":"info","message":"Request from ::1","timestamp":"2017-12-08T06:33:44.904Z"}
{"level":"info","message":"Request from ::1","timestamp":"2017-12-08T06:34:18.303Z"}
{"level":"verbose","message":"Create User","timestamp":"2017-12-08T06:34:18.305Z"}
{"level":"info","message":"Request from ::1","timestamp":"2017-12-08T06:34:26.576Z"}
{"level":"error","message":"","timestamp":"2017-12-08T06:34:26.584Z"}
{"level":"info","message":"Request from ::1","timestamp":"2017-12-08T06:34:35.879Z"}
{"level":"info","message":"Request from ::1","timestamp":"2017-12-08T06:34:36.056Z"}
{"level":"verbose","message":"Get all todos","timestamp":"2017-12-08T06:34:36.057Z"}
{"level":"info","message":"Request from ::1","timestamp":"2017-12-08T06:36:07.427Z"}
{"level":"verbose","message":"Get all todos","timestamp":"2017-12-08T06:36:07.427Z"}
{"level":"info","message":"Loading Mongoose functionality","timestamp":"2017-12-08T06:39:27.893Z"}
{"level":"info","message":"Mongoose connected to the database","timestamp":"2017-12-08T06:39:28.926Z"}
{"level":"info","message":"Request from ::1","timestamp":"2017-12-08T06:39:31.107Z"}
{"level":"verbose","message":"Get all todos","timestamp":"2017-12-08T06:39:31.110Z"}
{"level":"info","message":"Loading Mongoose functionality","timestamp":"2017-12-08T06:40:50.167Z"}
{"level":"info","message":"Mongoose connected to the database","timestamp":"2017-12-08T06:40:50.718Z"}
{"level":"info","message":"Request from ::1","timestamp":"2017-12-08T06:40:52.351Z"}
{"level":"verbose","message":"Get all todos","timestamp":"2017-12-08T06:40:52.354Z"}
{"level":"info","message":"Request from ::1","timestamp":"2017-12-08T23:09:53.525Z"}
{"level":"verbose","message":"Create User","timestamp":"2017-12-08T23:09:53.562Z"}
{"level":"info","message":"Request from ::1","timestamp":"2017-12-08T23:10:01.248Z"}
{"level":"info","message":"Request from ::1","timestamp":"2017-12-08T23:10:01.424Z"}
{"level":"verbose","message":"Get all todos","timestamp":"2017-12-08T23:10:01.425Z"}
{"level":"info","message":"Request from ::1","timestamp":"2017-12-08T23:10:15.631Z"}
{"level":"info","message":"Request from ::1","timestamp":"2017-12-08T23:10:17.242Z"}
{"level":"info","message":"Loading Mongoose functionality","timestamp":"2017-12-08T23:12:25.335Z"}
{"level":"info","message":"Mongoose connected to the database","timestamp":"2017-12-08T23:12:25.922Z"}
{"level":"info","message":"Request from ::1","timestamp":"2017-12-08T23:12:45.289Z"}
{"level":"info","message":"Request from ::1","timestamp":"2017-12-08T23:12:45.505Z"}
{"level":"verbose","message":"Get all todos","timestamp":"2017-12-08T23:12:45.507Z"}
{"level":"info","message":"Loading Mongoose functionality","timestamp":"2017-12-08T23:15:52.805Z"}
{"level":"info","message":"Mongoose connected to the database","timestamp":"2017-12-08T23:15:53.220Z"}
{"level":"info","message":"Request from ::1","timestamp":"2017-12-08T23:15:57.842Z"}
{"level":"error","message":"Error: secretOrPrivateKey must have a value\n    at Object.module.exports [as sign] (C:\\Users\\Daniel's\\OneDrive\\Documents\\BUS_ADM_531\\ToDo\\server\\node_modules\\jsonwebtoken\\sign.js:101:20)\n    at generateToken (C:\\Users\\Daniel's\\OneDrive\\Documents\\BUS_ADM_531\\ToDo\\server\\config\\passport.js:35:16)\n    at login (C:\\Users\\Daniel's\\OneDrive\\Documents\\BUS_ADM_531\\ToDo\\server\\config\\passport.js:52:35)\n    at Layer.handle [as handle_request] (C:\\Users\\Daniel's\\OneDrive\\Documents\\BUS_ADM_531\\ToDo\\server\\node_modules\\express\\lib\\router\\layer.js:95:5)\n    at next (C:\\Users\\Daniel's\\OneDrive\\Documents\\BUS_ADM_531\\ToDo\\server\\node_modules\\express\\lib\\router\\route.js:137:13)\n    at complete (C:\\Users\\Daniel's\\OneDrive\\Documents\\BUS_ADM_531\\ToDo\\server\\node_modules\\passport\\lib\\middleware\\authenticate.js:263:13)\n    at C:\\Users\\Daniel's\\OneDrive\\Documents\\BUS_ADM_531\\ToDo\\server\\node_modules\\passport\\lib\\middleware\\authenticate.js:270:15\n    at pass (C:\\Users\\Daniel's\\OneDrive\\Documents\\BUS_ADM_531\\ToDo\\server\\node_modules\\passport\\lib\\authenticator.js:431:14)\n    at Authenticator.transformAuthInfo (C:\\Users\\Daniel's\\OneDrive\\Documents\\BUS_ADM_531\\ToDo\\server\\node_modules\\passport\\lib\\authenticator.js:453:5)\n    at C:\\Users\\Daniel's\\OneDrive\\Documents\\BUS_ADM_531\\ToDo\\server\\node_modules\\passport\\lib\\middleware\\authenticate.js:267:22\n    at IncomingMessage.req.login.req.logIn (C:\\Users\\Daniel's\\OneDrive\\Documents\\BUS_ADM_531\\ToDo\\server\\node_modules\\passport\\lib\\http\\request.js:55:13)\n    at Strategy.strategy.success (C:\\Users\\Daniel's\\OneDrive\\Documents\\BUS_ADM_531\\ToDo\\server\\node_modules\\passport\\lib\\middleware\\authenticate.js:248:13)\n    at verified (C:\\Users\\Daniel's\\OneDrive\\Documents\\BUS_ADM_531\\ToDo\\server\\node_modules\\passport-local\\lib\\strategy.js:83:10)\n    at C:\\Users\\Daniel's\\OneDrive\\Documents\\BUS_ADM_531\\ToDo\\server\\config\\passport.js:26:22\n    at C:\\Users\\Daniel's\\OneDrive\\Documents\\BUS_ADM_531\\ToDo\\server\\app\\models\\users.js:39:9\n    at C:\\Users\\Daniel's\\OneDrive\\Documents\\BUS_ADM_531\\ToDo\\server\\node_modules\\bcryptjs\\dist\\bcrypt.js:297:21","timestamp":"2017-12-08T23:15:58.013Z"}
{"level":"info","message":"Request from ::1","timestamp":"2017-12-08T23:15:59.639Z"}
{"level":"error","message":"Error: secretOrPrivateKey must have a value\n    at Object.module.exports [as sign] (C:\\Users\\Daniel's\\OneDrive\\Documents\\BUS_ADM_531\\ToDo\\server\\node_modules\\jsonwebtoken\\sign.js:101:20)\n    at generateToken (C:\\Users\\Daniel's\\OneDrive\\Documents\\BUS_ADM_531\\ToDo\\server\\config\\passport.js:35:16)\n    at login (C:\\Users\\Daniel's\\OneDrive\\Documents\\BUS_ADM_531\\ToDo\\server\\config\\passport.js:52:35)\n    at Layer.handle [as handle_request] (C:\\Users\\Daniel's\\OneDrive\\Documents\\BUS_ADM_531\\ToDo\\server\\node_modules\\express\\lib\\router\\layer.js:95:5)\n    at next (C:\\Users\\Daniel's\\OneDrive\\Documents\\BUS_ADM_531\\ToDo\\server\\node_modules\\express\\lib\\router\\route.js:137:13)\n    at complete (C:\\Users\\Daniel's\\OneDrive\\Documents\\BUS_ADM_531\\ToDo\\server\\node_modules\\passport\\lib\\middleware\\authenticate.js:263:13)\n    at C:\\Users\\Daniel's\\OneDrive\\Documents\\BUS_ADM_531\\ToDo\\server\\node_modules\\passport\\lib\\middleware\\authenticate.js:270:15\n    at pass (C:\\Users\\Daniel's\\OneDrive\\Documents\\BUS_ADM_531\\ToDo\\server\\node_modules\\passport\\lib\\authenticator.js:431:14)\n    at Authenticator.transformAuthInfo (C:\\Users\\Daniel's\\OneDrive\\Documents\\BUS_ADM_531\\ToDo\\server\\node_modules\\passport\\lib\\authenticator.js:453:5)\n    at C:\\Users\\Daniel's\\OneDrive\\Documents\\BUS_ADM_531\\ToDo\\server\\node_modules\\passport\\lib\\middleware\\authenticate.js:267:22\n    at IncomingMessage.req.login.req.logIn (C:\\Users\\Daniel's\\OneDrive\\Documents\\BUS_ADM_531\\ToDo\\server\\node_modules\\passport\\lib\\http\\request.js:55:13)\n    at Strategy.strategy.success (C:\\Users\\Daniel's\\OneDrive\\Documents\\BUS_ADM_531\\ToDo\\server\\node_modules\\passport\\lib\\middleware\\authenticate.js:248:13)\n    at verified (C:\\Users\\Daniel's\\OneDrive\\Documents\\BUS_ADM_531\\ToDo\\server\\node_modules\\passport-local\\lib\\strategy.js:83:10)\n    at C:\\Users\\Daniel's\\OneDrive\\Documents\\BUS_ADM_531\\ToDo\\server\\config\\passport.js:26:22\n    at C:\\Users\\Daniel's\\OneDrive\\Documents\\BUS_ADM_531\\ToDo\\server\\app\\models\\users.js:39:9\n    at C:\\Users\\Daniel's\\OneDrive\\Documents\\BUS_ADM_531\\ToDo\\server\\node_modules\\bcryptjs\\dist\\bcrypt.js:297:21","timestamp":"2017-12-08T23:15:59.755Z"}
{"level":"info","message":"Request from ::1","timestamp":"2017-12-08T23:16:02.615Z"}
{"level":"verbose","message":"Get all todos","timestamp":"2017-12-08T23:16:02.616Z"}
{"level":"info","message":"Request from ::1","timestamp":"2017-12-08T23:16:14.531Z"}
{"level":"verbose","message":"Get all todos","timestamp":"2017-12-08T23:16:14.532Z"}
{"level":"info","message":"Request from ::1","timestamp":"2017-12-08T23:16:18.282Z"}
{"level":"verbose","message":"Get all todos","timestamp":"2017-12-08T23:16:18.282Z"}
{"level":"info","message":"Request from ::1","timestamp":"2017-12-08T23:16:19.017Z"}
{"level":"verbose","message":"Get all todos","timestamp":"2017-12-08T23:16:19.019Z"}
{"level":"info","message":"Request from ::1","timestamp":"2017-12-08T23:16:19.504Z"}
{"level":"verbose","message":"Get all todos","timestamp":"2017-12-08T23:16:19.505Z"}
{"level":"info","message":"Loading Mongoose functionality","timestamp":"2017-12-08T23:16:38.995Z"}
{"level":"info","message":"Mongoose connected to the database","timestamp":"2017-12-08T23:16:39.500Z"}
{"level":"info","message":"Loading Mongoose functionality","timestamp":"2017-12-08T23:23:26.913Z"}
{"level":"info","message":"Mongoose connected to the database","timestamp":"2017-12-08T23:23:27.221Z"}
{"level":"info","message":"Request from ::1","timestamp":"2017-12-08T23:23:57.225Z"}
{"level":"error","message":"","timestamp":"2017-12-08T23:23:57.292Z"}
{"level":"info","message":"Request from ::1","timestamp":"2017-12-08T23:24:07.235Z"}
{"level":"verbose","message":"Create User","timestamp":"2017-12-08T23:24:07.237Z"}
{"level":"info","message":"Request from ::1","timestamp":"2017-12-08T23:24:16.952Z"}
{"level":"error","message":"","timestamp":"2017-12-08T23:24:17.087Z"}
{"level":"info","message":"Request from ::1","timestamp":"2017-12-08T23:24:19.664Z"}
{"level":"error","message":"","timestamp":"2017-12-08T23:24:19.787Z"}
{"level":"info","message":"Request from ::1","timestamp":"2017-12-08T23:24:20.549Z"}
{"level":"error","message":"","timestamp":"2017-12-08T23:24:20.660Z"}
{"level":"info","message":"Request from ::1","timestamp":"2017-12-08T23:24:20.983Z"}
{"level":"error","message":"","timestamp":"2017-12-08T23:24:21.105Z"}
{"level":"info","message":"Request from ::1","timestamp":"2017-12-08T23:24:21.162Z"}
{"level":"error","message":"","timestamp":"2017-12-08T23:24:21.273Z"}
{"level":"info","message":"Request from ::1","timestamp":"2017-12-08T23:24:30.153Z"}
{"level":"verbose","message":"Create User","timestamp":"2017-12-08T23:24:30.155Z"}
{"level":"info","message":"Request from ::1","timestamp":"2017-12-08T23:24:35.664Z"}
{"level":"info","message":"Request from ::1","timestamp":"2017-12-08T23:24:35.822Z"}
{"level":"verbose","message":"Get all todos","timestamp":"2017-12-08T23:24:35.823Z"}
{"level":"info","message":"Request from ::1","timestamp":"2017-12-08T23:24:39.635Z"}
{"level":"info","message":"Request from ::1","timestamp":"2017-12-08T23:24:42.066Z"}
{"level":"info","message":"Request from ::1","timestamp":"2017-12-08T23:24:44.035Z"}
{"level":"verbose","message":"Get all todos","timestamp":"2017-12-08T23:24:44.041Z"}
{"level":"info","message":"Request from ::1","timestamp":"2017-12-08T23:24:46.746Z"}
{"level":"verbose","message":"Get all todos","timestamp":"2017-12-08T23:24:46.747Z"}
